[2020-03-29 10:16:01] laravel.EMERGENCY: Unable to create configured logger. Using emergency logger. {"exception":"[object] (InvalidArgumentException(code: 0): Log [] is not defined. at C:\\xampp\\htdocs\\hrportalv2\\vendor\\laravel\\framework\\src\\Illuminate\\Log\\LogManager.php:168)
[stacktrace]
#0 C:\\xampp\\htdocs\\hrportalv2\\vendor\\laravel\\framework\\src\\Illuminate\\Log\\LogManager.php(102): Illuminate\\Log\\LogManager->resolve(NULL)
#1 C:\\xampp\\htdocs\\hrportalv2\\vendor\\laravel\\framework\\src\\Illuminate\\Log\\LogManager.php(90): Illuminate\\Log\\LogManager->get(NULL)
#2 C:\\xampp\\htdocs\\hrportalv2\\vendor\\laravel\\framework\\src\\Illuminate\\Log\\LogManager.php(500): Illuminate\\Log\\LogManager->driver()
#3 C:\\xampp\\htdocs\\hrportalv2\\vendor\\laravel\\framework\\src\\Illuminate\\Foundation\\Exceptions\\Handler.php(118): Illuminate\\Log\\LogManager->error('syntax error, u...', Array)
#4 C:\\xampp\\htdocs\\hrportalv2\\app\\Exceptions\\Handler.php(37): Illuminate\\Foundation\\Exceptions\\Handler->report(Object(Symfony\\Component\\Debug\\Exception\\FatalThrowableError))
#5 C:\\xampp\\htdocs\\hrportalv2\\vendor\\laravel\\framework\\src\\Illuminate\\Foundation\\Console\\Kernel.php(378): App\\Exceptions\\Handler->report(Object(Symfony\\Component\\Debug\\Exception\\FatalThrowableError))
#6 C:\\xampp\\htdocs\\hrportalv2\\vendor\\laravel\\framework\\src\\Illuminate\\Foundation\\Console\\Kernel.php(143): Illuminate\\Foundation\\Console\\Kernel->reportException(Object(Symfony\\Component\\Debug\\Exception\\FatalThrowableError))
#7 C:\\xampp\\htdocs\\hrportalv2\\artisan(37): Illuminate\\Foundation\\Console\\Kernel->handle(Object(Symfony\\Component\\Console\\Input\\ArgvInput), Object(Symfony\\Component\\Console\\Output\\ConsoleOutput))
#8 {main}
"} 
[2020-03-29 10:16:01] laravel.ERROR: syntax error, unexpected 'App' (T_STRING), expecting ']' {"exception":"[object] (Symfony\\Component\\Debug\\Exception\\FatalThrowableError(code: 0): syntax error, unexpected 'App' (T_STRING), expecting ']' at C:\\xampp\\htdocs\\hrportalv2\\config\\app.php:176)
[stacktrace]
#0 C:\\xampp\\htdocs\\hrportalv2\\vendor\\laravel\\framework\\src\\Illuminate\\Foundation\\Bootstrap\\LoadConfiguration.php(39): Illuminate\\Foundation\\Bootstrap\\LoadConfiguration->loadConfigurationFiles(Object(Illuminate\\Foundation\\Application), Object(Illuminate\\Config\\Repository))
#1 C:\\xampp\\htdocs\\hrportalv2\\vendor\\laravel\\framework\\src\\Illuminate\\Foundation\\Application.php(210): Illuminate\\Foundation\\Bootstrap\\LoadConfiguration->bootstrap(Object(Illuminate\\Foundation\\Application))
#2 C:\\xampp\\htdocs\\hrportalv2\\vendor\\laravel\\framework\\src\\Illuminate\\Foundation\\Console\\Kernel.php(322): Illuminate\\Foundation\\Application->bootstrapWith(Array)
#3 C:\\xampp\\htdocs\\hrportalv2\\vendor\\laravel\\framework\\src\\Illuminate\\Foundation\\Console\\Kernel.php(131): Illuminate\\Foundation\\Console\\Kernel->bootstrap()
#4 C:\\xampp\\htdocs\\hrportalv2\\artisan(37): Illuminate\\Foundation\\Console\\Kernel->handle(Object(Symfony\\Component\\Console\\Input\\ArgvInput), Object(Symfony\\Component\\Console\\Output\\ConsoleOutput))
#5 {main}
"} 
[2020-03-29 10:22:47] laravel.EMERGENCY: Unable to create configured logger. Using emergency logger. {"exception":"[object] (InvalidArgumentException(code: 0): Log [] is not defined. at C:\\xampp\\htdocs\\hrportalv2\\vendor\\laravel\\framework\\src\\Illuminate\\Log\\LogManager.php:168)
[stacktrace]
#0 C:\\xampp\\htdocs\\hrportalv2\\vendor\\laravel\\framework\\src\\Illuminate\\Log\\LogManager.php(102): Illuminate\\Log\\LogManager->resolve(NULL)
#1 C:\\xampp\\htdocs\\hrportalv2\\vendor\\laravel\\framework\\src\\Illuminate\\Log\\LogManager.php(90): Illuminate\\Log\\LogManager->get(NULL)
#2 C:\\xampp\\htdocs\\hrportalv2\\vendor\\laravel\\framework\\src\\Illuminate\\Log\\LogManager.php(500): Illuminate\\Log\\LogManager->driver()
#3 C:\\xampp\\htdocs\\hrportalv2\\vendor\\laravel\\framework\\src\\Illuminate\\Foundation\\Exceptions\\Handler.php(118): Illuminate\\Log\\LogManager->error('syntax error, u...', Array)
#4 C:\\xampp\\htdocs\\hrportalv2\\app\\Exceptions\\Handler.php(37): Illuminate\\Foundation\\Exceptions\\Handler->report(Object(Symfony\\Component\\Debug\\Exception\\FatalThrowableError))
#5 C:\\xampp\\htdocs\\hrportalv2\\vendor\\laravel\\framework\\src\\Illuminate\\Foundation\\Http\\Kernel.php(314): App\\Exceptions\\Handler->report(Object(Symfony\\Component\\Debug\\Exception\\FatalThrowableError))
#6 C:\\xampp\\htdocs\\hrportalv2\\vendor\\laravel\\framework\\src\\Illuminate\\Foundation\\Http\\Kernel.php(122): Illuminate\\Foundation\\Http\\Kernel->reportException(Object(Symfony\\Component\\Debug\\Exception\\FatalThrowableError))
#7 C:\\xampp\\htdocs\\hrportalv2\\public\\index.php(55): Illuminate\\Foundation\\Http\\Kernel->handle(Object(Illuminate\\Http\\Request))
#8 {main}
"} 
[2020-03-29 10:22:47] laravel.ERROR: syntax error, unexpected 'App' (T_STRING), expecting ']' {"exception":"[object] (Symfony\\Component\\Debug\\Exception\\FatalThrowableError(code: 0): syntax error, unexpected 'App' (T_STRING), expecting ']' at C:\\xampp\\htdocs\\hrportalv2\\config\\app.php:176)
[stacktrace]
#0 C:\\xampp\\htdocs\\hrportalv2\\vendor\\laravel\\framework\\src\\Illuminate\\Foundation\\Bootstrap\\LoadConfiguration.php(39): Illuminate\\Foundation\\Bootstrap\\LoadConfiguration->loadConfigurationFiles(Object(Illuminate\\Foundation\\Application), Object(Illuminate\\Config\\Repository))
#1 C:\\xampp\\htdocs\\hrportalv2\\vendor\\laravel\\framework\\src\\Illuminate\\Foundation\\Application.php(210): Illuminate\\Foundation\\Bootstrap\\LoadConfiguration->bootstrap(Object(Illuminate\\Foundation\\Application))
#2 C:\\xampp\\htdocs\\hrportalv2\\vendor\\laravel\\framework\\src\\Illuminate\\Foundation\\Http\\Kernel.php(162): Illuminate\\Foundation\\Application->bootstrapWith(Array)
#3 C:\\xampp\\htdocs\\hrportalv2\\vendor\\laravel\\framework\\src\\Illuminate\\Foundation\\Http\\Kernel.php(146): Illuminate\\Foundation\\Http\\Kernel->bootstrap()
#4 C:\\xampp\\htdocs\\hrportalv2\\vendor\\laravel\\framework\\src\\Illuminate\\Foundation\\Http\\Kernel.php(116): Illuminate\\Foundation\\Http\\Kernel->sendRequestThroughRouter(Object(Illuminate\\Http\\Request))
#5 C:\\xampp\\htdocs\\hrportalv2\\public\\index.php(55): Illuminate\\Foundation\\Http\\Kernel->handle(Object(Illuminate\\Http\\Request))
#6 {main}
"} 
[2020-03-29 10:23:18] laravel.EMERGENCY: Unable to create configured logger. Using emergency logger. {"exception":"[object] (InvalidArgumentException(code: 0): Log [] is not defined. at C:\\xampp\\htdocs\\hrportalv2\\vendor\\laravel\\framework\\src\\Illuminate\\Log\\LogManager.php:168)
[stacktrace]
#0 C:\\xampp\\htdocs\\hrportalv2\\vendor\\laravel\\framework\\src\\Illuminate\\Log\\LogManager.php(102): Illuminate\\Log\\LogManager->resolve(NULL)
#1 C:\\xampp\\htdocs\\hrportalv2\\vendor\\laravel\\framework\\src\\Illuminate\\Log\\LogManager.php(90): Illuminate\\Log\\LogManager->get(NULL)
#2 C:\\xampp\\htdocs\\hrportalv2\\vendor\\laravel\\framework\\src\\Illuminate\\Log\\LogManager.php(500): Illuminate\\Log\\LogManager->driver()
#3 C:\\xampp\\htdocs\\hrportalv2\\vendor\\laravel\\framework\\src\\Illuminate\\Foundation\\Exceptions\\Handler.php(118): Illuminate\\Log\\LogManager->error('syntax error, u...', Array)
#4 C:\\xampp\\htdocs\\hrportalv2\\app\\Exceptions\\Handler.php(37): Illuminate\\Foundation\\Exceptions\\Handler->report(Object(Symfony\\Component\\Debug\\Exception\\FatalThrowableError))
#5 C:\\xampp\\htdocs\\hrportalv2\\vendor\\laravel\\framework\\src\\Illuminate\\Foundation\\Http\\Kernel.php(314): App\\Exceptions\\Handler->report(Object(Symfony\\Component\\Debug\\Exception\\FatalThrowableError))
#6 C:\\xampp\\htdocs\\hrportalv2\\vendor\\laravel\\framework\\src\\Illuminate\\Foundation\\Http\\Kernel.php(122): Illuminate\\Foundation\\Http\\Kernel->reportException(Object(Symfony\\Component\\Debug\\Exception\\FatalThrowableError))
#7 C:\\xampp\\htdocs\\hrportalv2\\public\\index.php(55): Illuminate\\Foundation\\Http\\Kernel->handle(Object(Illuminate\\Http\\Request))
#8 {main}
"} 
[2020-03-29 10:23:18] laravel.ERROR: syntax error, unexpected 'App' (T_STRING), expecting ']' {"exception":"[object] (Symfony\\Component\\Debug\\Exception\\FatalThrowableError(code: 0): syntax error, unexpected 'App' (T_STRING), expecting ']' at C:\\xampp\\htdocs\\hrportalv2\\config\\app.php:176)
[stacktrace]
#0 C:\\xampp\\htdocs\\hrportalv2\\vendor\\laravel\\framework\\src\\Illuminate\\Foundation\\Bootstrap\\LoadConfiguration.php(39): Illuminate\\Foundation\\Bootstrap\\LoadConfiguration->loadConfigurationFiles(Object(Illuminate\\Foundation\\Application), Object(Illuminate\\Config\\Repository))
#1 C:\\xampp\\htdocs\\hrportalv2\\vendor\\laravel\\framework\\src\\Illuminate\\Foundation\\Application.php(210): Illuminate\\Foundation\\Bootstrap\\LoadConfiguration->bootstrap(Object(Illuminate\\Foundation\\Application))
#2 C:\\xampp\\htdocs\\hrportalv2\\vendor\\laravel\\framework\\src\\Illuminate\\Foundation\\Http\\Kernel.php(162): Illuminate\\Foundation\\Application->bootstrapWith(Array)
#3 C:\\xampp\\htdocs\\hrportalv2\\vendor\\laravel\\framework\\src\\Illuminate\\Foundation\\Http\\Kernel.php(146): Illuminate\\Foundation\\Http\\Kernel->bootstrap()
#4 C:\\xampp\\htdocs\\hrportalv2\\vendor\\laravel\\framework\\src\\Illuminate\\Foundation\\Http\\Kernel.php(116): Illuminate\\Foundation\\Http\\Kernel->sendRequestThroughRouter(Object(Illuminate\\Http\\Request))
#5 C:\\xampp\\htdocs\\hrportalv2\\public\\index.php(55): Illuminate\\Foundation\\Http\\Kernel->handle(Object(Illuminate\\Http\\Request))
#6 {main}
"} 
[2020-03-29 10:23:30] laravel.EMERGENCY: Unable to create configured logger. Using emergency logger. {"exception":"[object] (InvalidArgumentException(code: 0): Log [] is not defined. at C:\\xampp\\htdocs\\hrportalv2\\vendor\\laravel\\framework\\src\\Illuminate\\Log\\LogManager.php:168)
[stacktrace]
#0 C:\\xampp\\htdocs\\hrportalv2\\vendor\\laravel\\framework\\src\\Illuminate\\Log\\LogManager.php(102): Illuminate\\Log\\LogManager->resolve(NULL)
#1 C:\\xampp\\htdocs\\hrportalv2\\vendor\\laravel\\framework\\src\\Illuminate\\Log\\LogManager.php(90): Illuminate\\Log\\LogManager->get(NULL)
#2 C:\\xampp\\htdocs\\hrportalv2\\vendor\\laravel\\framework\\src\\Illuminate\\Log\\LogManager.php(500): Illuminate\\Log\\LogManager->driver()
#3 C:\\xampp\\htdocs\\hrportalv2\\vendor\\laravel\\framework\\src\\Illuminate\\Foundation\\Exceptions\\Handler.php(118): Illuminate\\Log\\LogManager->error('syntax error, u...', Array)
#4 C:\\xampp\\htdocs\\hrportalv2\\app\\Exceptions\\Handler.php(37): Illuminate\\Foundation\\Exceptions\\Handler->report(Object(Symfony\\Component\\Debug\\Exception\\FatalThrowableError))
#5 C:\\xampp\\htdocs\\hrportalv2\\vendor\\laravel\\framework\\src\\Illuminate\\Foundation\\Http\\Kernel.php(314): App\\Exceptions\\Handler->report(Object(Symfony\\Component\\Debug\\Exception\\FatalThrowableError))
#6 C:\\xampp\\htdocs\\hrportalv2\\vendor\\laravel\\framework\\src\\Illuminate\\Foundation\\Http\\Kernel.php(122): Illuminate\\Foundation\\Http\\Kernel->reportException(Object(Symfony\\Component\\Debug\\Exception\\FatalThrowableError))
#7 C:\\xampp\\htdocs\\hrportalv2\\public\\index.php(55): Illuminate\\Foundation\\Http\\Kernel->handle(Object(Illuminate\\Http\\Request))
#8 {main}
"} 
[2020-03-29 10:23:30] laravel.ERROR: syntax error, unexpected 'App' (T_STRING), expecting ']' {"exception":"[object] (Symfony\\Component\\Debug\\Exception\\FatalThrowableError(code: 0): syntax error, unexpected 'App' (T_STRING), expecting ']' at C:\\xampp\\htdocs\\hrportalv2\\config\\app.php:176)
[stacktrace]
#0 C:\\xampp\\htdocs\\hrportalv2\\vendor\\laravel\\framework\\src\\Illuminate\\Foundation\\Bootstrap\\LoadConfiguration.php(39): Illuminate\\Foundation\\Bootstrap\\LoadConfiguration->loadConfigurationFiles(Object(Illuminate\\Foundation\\Application), Object(Illuminate\\Config\\Repository))
#1 C:\\xampp\\htdocs\\hrportalv2\\vendor\\laravel\\framework\\src\\Illuminate\\Foundation\\Application.php(210): Illuminate\\Foundation\\Bootstrap\\LoadConfiguration->bootstrap(Object(Illuminate\\Foundation\\Application))
#2 C:\\xampp\\htdocs\\hrportalv2\\vendor\\laravel\\framework\\src\\Illuminate\\Foundation\\Http\\Kernel.php(162): Illuminate\\Foundation\\Application->bootstrapWith(Array)
#3 C:\\xampp\\htdocs\\hrportalv2\\vendor\\laravel\\framework\\src\\Illuminate\\Foundation\\Http\\Kernel.php(146): Illuminate\\Foundation\\Http\\Kernel->bootstrap()
#4 C:\\xampp\\htdocs\\hrportalv2\\vendor\\laravel\\framework\\src\\Illuminate\\Foundation\\Http\\Kernel.php(116): Illuminate\\Foundation\\Http\\Kernel->sendRequestThroughRouter(Object(Illuminate\\Http\\Request))
#5 C:\\xampp\\htdocs\\hrportalv2\\public\\index.php(55): Illuminate\\Foundation\\Http\\Kernel->handle(Object(Illuminate\\Http\\Request))
#6 {main}
"} 
[2020-03-29 10:23:41] laravel.EMERGENCY: Unable to create configured logger. Using emergency logger. {"exception":"[object] (InvalidArgumentException(code: 0): Log [] is not defined. at C:\\xampp\\htdocs\\hrportalv2\\vendor\\laravel\\framework\\src\\Illuminate\\Log\\LogManager.php:168)
[stacktrace]
#0 C:\\xampp\\htdocs\\hrportalv2\\vendor\\laravel\\framework\\src\\Illuminate\\Log\\LogManager.php(102): Illuminate\\Log\\LogManager->resolve(NULL)
#1 C:\\xampp\\htdocs\\hrportalv2\\vendor\\laravel\\framework\\src\\Illuminate\\Log\\LogManager.php(90): Illuminate\\Log\\LogManager->get(NULL)
#2 C:\\xampp\\htdocs\\hrportalv2\\vendor\\laravel\\framework\\src\\Illuminate\\Log\\LogManager.php(500): Illuminate\\Log\\LogManager->driver()
#3 C:\\xampp\\htdocs\\hrportalv2\\vendor\\laravel\\framework\\src\\Illuminate\\Foundation\\Exceptions\\Handler.php(118): Illuminate\\Log\\LogManager->error('syntax error, u...', Array)
#4 C:\\xampp\\htdocs\\hrportalv2\\app\\Exceptions\\Handler.php(37): Illuminate\\Foundation\\Exceptions\\Handler->report(Object(Symfony\\Component\\Debug\\Exception\\FatalThrowableError))
#5 C:\\xampp\\htdocs\\hrportalv2\\vendor\\laravel\\framework\\src\\Illuminate\\Foundation\\Http\\Kernel.php(314): App\\Exceptions\\Handler->report(Object(Symfony\\Component\\Debug\\Exception\\FatalThrowableError))
#6 C:\\xampp\\htdocs\\hrportalv2\\vendor\\laravel\\framework\\src\\Illuminate\\Foundation\\Http\\Kernel.php(122): Illuminate\\Foundation\\Http\\Kernel->reportException(Object(Symfony\\Component\\Debug\\Exception\\FatalThrowableError))
#7 C:\\xampp\\htdocs\\hrportalv2\\public\\index.php(55): Illuminate\\Foundation\\Http\\Kernel->handle(Object(Illuminate\\Http\\Request))
#8 {main}
"} 
[2020-03-29 10:23:41] laravel.ERROR: syntax error, unexpected 'App' (T_STRING), expecting ']' {"exception":"[object] (Symfony\\Component\\Debug\\Exception\\FatalThrowableError(code: 0): syntax error, unexpected 'App' (T_STRING), expecting ']' at C:\\xampp\\htdocs\\hrportalv2\\config\\app.php:176)
[stacktrace]
#0 C:\\xampp\\htdocs\\hrportalv2\\vendor\\laravel\\framework\\src\\Illuminate\\Foundation\\Bootstrap\\LoadConfiguration.php(39): Illuminate\\Foundation\\Bootstrap\\LoadConfiguration->loadConfigurationFiles(Object(Illuminate\\Foundation\\Application), Object(Illuminate\\Config\\Repository))
#1 C:\\xampp\\htdocs\\hrportalv2\\vendor\\laravel\\framework\\src\\Illuminate\\Foundation\\Application.php(210): Illuminate\\Foundation\\Bootstrap\\LoadConfiguration->bootstrap(Object(Illuminate\\Foundation\\Application))
#2 C:\\xampp\\htdocs\\hrportalv2\\vendor\\laravel\\framework\\src\\Illuminate\\Foundation\\Http\\Kernel.php(162): Illuminate\\Foundation\\Application->bootstrapWith(Array)
#3 C:\\xampp\\htdocs\\hrportalv2\\vendor\\laravel\\framework\\src\\Illuminate\\Foundation\\Http\\Kernel.php(146): Illuminate\\Foundation\\Http\\Kernel->bootstrap()
#4 C:\\xampp\\htdocs\\hrportalv2\\vendor\\laravel\\framework\\src\\Illuminate\\Foundation\\Http\\Kernel.php(116): Illuminate\\Foundation\\Http\\Kernel->sendRequestThroughRouter(Object(Illuminate\\Http\\Request))
#5 C:\\xampp\\htdocs\\hrportalv2\\public\\index.php(55): Illuminate\\Foundation\\Http\\Kernel->handle(Object(Illuminate\\Http\\Request))
#6 {main}
"} 
[2020-03-29 10:24:17] laravel.EMERGENCY: Unable to create configured logger. Using emergency logger. {"exception":"[object] (InvalidArgumentException(code: 0): Log [] is not defined. at C:\\xampp\\htdocs\\hrportalv2\\vendor\\laravel\\framework\\src\\Illuminate\\Log\\LogManager.php:168)
[stacktrace]
#0 C:\\xampp\\htdocs\\hrportalv2\\vendor\\laravel\\framework\\src\\Illuminate\\Log\\LogManager.php(102): Illuminate\\Log\\LogManager->resolve(NULL)
#1 C:\\xampp\\htdocs\\hrportalv2\\vendor\\laravel\\framework\\src\\Illuminate\\Log\\LogManager.php(90): Illuminate\\Log\\LogManager->get(NULL)
#2 C:\\xampp\\htdocs\\hrportalv2\\vendor\\laravel\\framework\\src\\Illuminate\\Log\\LogManager.php(500): Illuminate\\Log\\LogManager->driver()
#3 C:\\xampp\\htdocs\\hrportalv2\\vendor\\laravel\\framework\\src\\Illuminate\\Foundation\\Exceptions\\Handler.php(118): Illuminate\\Log\\LogManager->error('syntax error, u...', Array)
#4 C:\\xampp\\htdocs\\hrportalv2\\app\\Exceptions\\Handler.php(37): Illuminate\\Foundation\\Exceptions\\Handler->report(Object(Symfony\\Component\\Debug\\Exception\\FatalThrowableError))
#5 C:\\xampp\\htdocs\\hrportalv2\\vendor\\laravel\\framework\\src\\Illuminate\\Foundation\\Http\\Kernel.php(314): App\\Exceptions\\Handler->report(Object(Symfony\\Component\\Debug\\Exception\\FatalThrowableError))
#6 C:\\xampp\\htdocs\\hrportalv2\\vendor\\laravel\\framework\\src\\Illuminate\\Foundation\\Http\\Kernel.php(122): Illuminate\\Foundation\\Http\\Kernel->reportException(Object(Symfony\\Component\\Debug\\Exception\\FatalThrowableError))
#7 C:\\xampp\\htdocs\\hrportalv2\\public\\index.php(55): Illuminate\\Foundation\\Http\\Kernel->handle(Object(Illuminate\\Http\\Request))
#8 {main}
"} 
[2020-03-29 10:24:17] laravel.ERROR: syntax error, unexpected 'App' (T_STRING), expecting ']' {"exception":"[object] (Symfony\\Component\\Debug\\Exception\\FatalThrowableError(code: 0): syntax error, unexpected 'App' (T_STRING), expecting ']' at C:\\xampp\\htdocs\\hrportalv2\\config\\app.php:176)
[stacktrace]
#0 C:\\xampp\\htdocs\\hrportalv2\\vendor\\laravel\\framework\\src\\Illuminate\\Foundation\\Bootstrap\\LoadConfiguration.php(39): Illuminate\\Foundation\\Bootstrap\\LoadConfiguration->loadConfigurationFiles(Object(Illuminate\\Foundation\\Application), Object(Illuminate\\Config\\Repository))
#1 C:\\xampp\\htdocs\\hrportalv2\\vendor\\laravel\\framework\\src\\Illuminate\\Foundation\\Application.php(210): Illuminate\\Foundation\\Bootstrap\\LoadConfiguration->bootstrap(Object(Illuminate\\Foundation\\Application))
#2 C:\\xampp\\htdocs\\hrportalv2\\vendor\\laravel\\framework\\src\\Illuminate\\Foundation\\Http\\Kernel.php(162): Illuminate\\Foundation\\Application->bootstrapWith(Array)
#3 C:\\xampp\\htdocs\\hrportalv2\\vendor\\laravel\\framework\\src\\Illuminate\\Foundation\\Http\\Kernel.php(146): Illuminate\\Foundation\\Http\\Kernel->bootstrap()
#4 C:\\xampp\\htdocs\\hrportalv2\\vendor\\laravel\\framework\\src\\Illuminate\\Foundation\\Http\\Kernel.php(116): Illuminate\\Foundation\\Http\\Kernel->sendRequestThroughRouter(Object(Illuminate\\Http\\Request))
#5 C:\\xampp\\htdocs\\hrportalv2\\public\\index.php(55): Illuminate\\Foundation\\Http\\Kernel->handle(Object(Illuminate\\Http\\Request))
#6 {main}
"} 
